21-Apr-2022 15:57:02 INFO - Before advice called.
21-Apr-2022 15:57:02 INFO - After returning advice called.
21-Apr-2022 15:57:02 INFO - After advice called.
04-May-2022 15:02:09 INFO - Before advice called.
04-May-2022 15:02:09 INFO - After returning advice called.
04-May-2022 15:02:09 INFO - After advice called.
04-Jul-2023 13:59:40 INFO - Before advice called.
04-Jul-2023 13:59:40 INFO - After returning advice called.
04-Jul-2023 13:59:40 INFO - After advice called.
04-Jul-2023 14:00:03 INFO - Before advice called.
04-Jul-2023 14:00:03 INFO - After returning advice called.
04-Jul-2023 14:00:03 INFO - After advice called.
08-Apr-2024 14:19:11 INFO - Before advice called.
08-Apr-2024 14:19:11 INFO - After returning advice called.
08-Apr-2024 14:19:11 INFO - After advice called.
17-Aug-2024 00:11:18 INFO - Before advice called.
17-Aug-2024 00:11:18 INFO - After returning advice called.
17-Aug-2024 00:11:18 INFO - After advice called.
17-Aug-2024 00:42:47 INFO - Before advice called.
17-Aug-2024 00:42:47 INFO - After returning advice called.
17-Aug-2024 00:42:47 INFO - After advice called.
17-Aug-2024 00:43:22 INFO - Before advice called.
17-Aug-2024 00:43:22 INFO - After returning advice called.
17-Aug-2024 00:43:22 INFO - After advice called.
17-Aug-2024 00:44:14 INFO - Before advice called.
17-Aug-2024 00:44:14 INFO - After returning advice called.
17-Aug-2024 00:44:14 INFO - After advice called.
17-Aug-2024 01:08:44 INFO - Before advice called.
17-Aug-2024 01:08:44 INFO - After returning advice called.
17-Aug-2024 01:08:44 INFO - After advice called.
17-Aug-2024 01:12:20 INFO - Before advice called.
17-Aug-2024 01:12:20 INFO - After returning advice called.
17-Aug-2024 01:12:20 INFO - After advice called.
17-Aug-2024 01:15:02 INFO - Before advice called.
17-Aug-2024 01:15:02 INFO - After returning advice called.
17-Aug-2024 01:15:02 INFO - After advice called.
