2024-04-15 12:49:23 [main] INFO  c.i.DemoSpringBootLoggingApplication - Starting DemoSpringBootLoggingApplication using Java 21.0.1 with PID 35136 (C:\Users\manish.gupta56\Downloads\DemoSpringBootLogging1688455567092\Demo_SpringBoot_Logging\target\classes started by manish.gupta56 in C:\Users\manish.gupta56\Downloads\DemoSpringBootLogging1688455567092\Demo_SpringBoot_Logging)
2024-04-15 12:49:23 [main] INFO  c.i.DemoSpringBootLoggingApplication - No active profile set, falling back to 1 default profile: "default"
2024-04-15 12:49:24 [main] INFO  c.i.DemoSpringBootLoggingApplication - Started DemoSpringBootLoggingApplication in 1.174 seconds (process running for 1.781)
2024-04-15 12:49:24 [main] ERROR c.i.service.CustomerLoginServiceImpl - Service.WRONG_CREDENTIALS
com.infy.exception.InfyBankException: Service.WRONG_CREDENTIALS
	at com.infy.service.CustomerLoginServiceImpl.authenticateCustomer(CustomerLoginServiceImpl.java:27)
	at com.infy.controller.CustomerLoginController.authenticateCustomer(CustomerLoginController.java:17)
	at com.infy.DemoSpringBootLoggingApplication.run(DemoSpringBootLoggingApplication.java:42)
	at org.springframework.boot.SpringApplication.lambda$callRunner$5(SpringApplication.java:790)
	at org.springframework.util.function.ThrowingConsumer$1.acceptWithException(ThrowingConsumer.java:83)
	at org.springframework.util.function.ThrowingConsumer.accept(ThrowingConsumer.java:60)
	at org.springframework.util.function.ThrowingConsumer$1.accept(ThrowingConsumer.java:88)
	at org.springframework.boot.SpringApplication.callRunner(SpringApplication.java:798)
	at org.springframework.boot.SpringApplication.callRunner(SpringApplication.java:789)
	at org.springframework.boot.SpringApplication.lambda$callRunners$3(SpringApplication.java:774)
	at java.base/java.util.stream.ForEachOps$ForEachOp$OfRef.accept(ForEachOps.java:184)
	at java.base/java.util.stream.SortedOps$SizedRefSortingSink.end(SortedOps.java:357)
	at java.base/java.util.stream.AbstractPipeline.copyInto(AbstractPipeline.java:510)
	at java.base/java.util.stream.AbstractPipeline.wrapAndCopyInto(AbstractPipeline.java:499)
	at java.base/java.util.stream.ForEachOps$ForEachOp.evaluateSequential(ForEachOps.java:151)
	at java.base/java.util.stream.ForEachOps$ForEachOp$OfRef.evaluateSequential(ForEachOps.java:174)
	at java.base/java.util.stream.AbstractPipeline.evaluate(AbstractPipeline.java:234)
	at java.base/java.util.stream.ReferencePipeline.forEach(ReferencePipeline.java:596)
	at org.springframework.boot.SpringApplication.callRunners(SpringApplication.java:774)
	at org.springframework.boot.SpringApplication.run(SpringApplication.java:341)
	at org.springframework.boot.SpringApplication.run(SpringApplication.java:1354)
	at org.springframework.boot.SpringApplication.run(SpringApplication.java:1343)
	at com.infy.DemoSpringBootLoggingApplication.main(DemoSpringBootLoggingApplication.java:30)
2024-04-15 12:49:24 [main] ERROR c.i.DemoSpringBootLoggingApplication - Login denied. Invalid credentials.
2024-08-11 15:25:23 [main] INFO  c.i.DemoSpringBootLoggingApplication - Starting DemoSpringBootLoggingApplication using Java 21.0.3 with PID 17328 (C:\Users\awani\OneDrive\Desktop\SpringBoot\SpringBoot\SpringBootLoggingDemo\DemoSpringBootLogging1688455567092\Demo_SpringBoot_Logging\target\classes started by awani in C:\Users\awani\OneDrive\Desktop\SpringBoot\SpringBoot\SpringBootLoggingDemo\DemoSpringBootLogging1688455567092\Demo_SpringBoot_Logging)
2024-08-11 15:25:23 [main] INFO  c.i.DemoSpringBootLoggingApplication - No active profile set, falling back to 1 default profile: "default"
2024-08-11 15:25:24 [main] INFO  c.i.DemoSpringBootLoggingApplication - Started DemoSpringBootLoggingApplication in 2.059 seconds (process running for 3.694)
2024-08-11 15:25:24 [main] ERROR c.i.service.CustomerLoginServiceImpl - Service.WRONG_CREDENTIALS
com.infy.exception.InfyBankException: Service.WRONG_CREDENTIALS
	at com.infy.service.CustomerLoginServiceImpl.authenticateCustomer(CustomerLoginServiceImpl.java:27)
	at com.infy.controller.CustomerLoginController.authenticateCustomer(CustomerLoginController.java:17)
	at com.infy.DemoSpringBootLoggingApplication.run(DemoSpringBootLoggingApplication.java:42)
	at org.springframework.boot.SpringApplication.lambda$callRunner$5(SpringApplication.java:790)
	at org.springframework.util.function.ThrowingConsumer$1.acceptWithException(ThrowingConsumer.java:83)
	at org.springframework.util.function.ThrowingConsumer.accept(ThrowingConsumer.java:60)
	at org.springframework.util.function.ThrowingConsumer$1.accept(ThrowingConsumer.java:88)
	at org.springframework.boot.SpringApplication.callRunner(SpringApplication.java:798)
	at org.springframework.boot.SpringApplication.callRunner(SpringApplication.java:789)
	at org.springframework.boot.SpringApplication.lambda$callRunners$3(SpringApplication.java:774)
	at java.base/java.util.stream.ForEachOps$ForEachOp$OfRef.accept(ForEachOps.java:184)
	at java.base/java.util.stream.SortedOps$SizedRefSortingSink.end(SortedOps.java:357)
	at java.base/java.util.stream.AbstractPipeline.copyInto(AbstractPipeline.java:510)
	at java.base/java.util.stream.AbstractPipeline.wrapAndCopyInto(AbstractPipeline.java:499)
	at java.base/java.util.stream.ForEachOps$ForEachOp.evaluateSequential(ForEachOps.java:151)
	at java.base/java.util.stream.ForEachOps$ForEachOp$OfRef.evaluateSequential(ForEachOps.java:174)
	at java.base/java.util.stream.AbstractPipeline.evaluate(AbstractPipeline.java:234)
	at java.base/java.util.stream.ReferencePipeline.forEach(ReferencePipeline.java:596)
	at org.springframework.boot.SpringApplication.callRunners(SpringApplication.java:774)
	at org.springframework.boot.SpringApplication.run(SpringApplication.java:341)
	at org.springframework.boot.SpringApplication.run(SpringApplication.java:1354)
	at org.springframework.boot.SpringApplication.run(SpringApplication.java:1343)
	at com.infy.DemoSpringBootLoggingApplication.main(DemoSpringBootLoggingApplication.java:30)
2024-08-11 15:25:24 [main] ERROR c.i.DemoSpringBootLoggingApplication - Login denied. Invalid credentials.
2024-08-11 15:26:09 [main] INFO  c.i.DemoSpringBootLoggingApplication - Starting DemoSpringBootLoggingApplication using Java 21.0.3 with PID 10148 (C:\Users\awani\OneDrive\Desktop\SpringBoot\SpringBoot\SpringBootLoggingDemo\DemoSpringBootLogging1688455567092\Demo_SpringBoot_Logging\target\classes started by awani in C:\Users\awani\OneDrive\Desktop\SpringBoot\SpringBoot\SpringBootLoggingDemo\DemoSpringBootLogging1688455567092\Demo_SpringBoot_Logging)
2024-08-11 15:26:09 [main] INFO  c.i.DemoSpringBootLoggingApplication - No active profile set, falling back to 1 default profile: "default"
2024-08-11 15:26:10 [main] INFO  c.i.DemoSpringBootLoggingApplication - Started DemoSpringBootLoggingApplication in 1.883 seconds (process running for 3.289)
2024-08-11 15:26:10 [main] INFO  c.i.DemoSpringBootLoggingApplication - Customer logged in successfully!!
